{
  "RSpec": {
    "coverage": {
      "/Users/Shadae/workspace/blog/app/models/admin.rb": [
        null,
        1,
        null,
        null,
        1,
        null,
        null
      ],
      "/Users/Shadae/workspace/blog/app/helpers/application_helper.rb": [
        null,
        null,
        null,
        1,
        1,
        0,
        null,
        null,
        1,
        0,
        null,
        null,
        1,
        0,
        null,
        null
      ],
      "/Users/Shadae/workspace/blog/app/helpers/comments_helper.rb": [
        null,
        1,
        null
      ],
      "/Users/Shadae/workspace/blog/app/helpers/home_helper.rb": [
        null,
        null,
        null,
        1,
        null
      ],
      "/Users/Shadae/workspace/blog/app/helpers/posts_helper.rb": [
        null,
        null,
        null,
        1,
        null
      ]
    },
    "timestamp": 1388999040
  }
}
